{"C:\\Users\\Mareks\\Desktop\\Programming\\Node\\Latvenergo\\index.js": {"path":"C:\\Users\\Mareks\\Desktop\\Programming\\Node\\Latvenergo\\index.js","statementMap":{"0":{"start":{"line":2,"column":16},"end":{"line":2,"column":34}},"1":{"start":{"line":3,"column":14},"end":{"line":3,"column":30}},"2":{"start":{"line":4,"column":19},"end":{"line":4,"column":41}},"3":{"start":{"line":5,"column":0},"end":{"line":5,"column":39}},"4":{"start":{"line":6,"column":15},"end":{"line":6,"column":32}},"5":{"start":{"line":7,"column":16},"end":{"line":7,"column":33}},"6":{"start":{"line":9,"column":12},"end":{"line":9,"column":21}},"7":{"start":{"line":10,"column":13},"end":{"line":10,"column":17}},"8":{"start":{"line":12,"column":0},"end":{"line":12,"column":24}},"9":{"start":{"line":13,"column":0},"end":{"line":13,"column":27}},"10":{"start":{"line":14,"column":0},"end":{"line":14,"column":26}},"11":{"start":{"line":15,"column":0},"end":{"line":15,"column":51}},"12":{"start":{"line":17,"column":15},"end":{"line":17,"column":23}},"13":{"start":{"line":20,"column":0},"end":{"line":31,"column":3}},"14":{"start":{"line":21,"column":2},"end":{"line":29,"column":5}},"15":{"start":{"line":22,"column":4},"end":{"line":28,"column":7}},"16":{"start":{"line":30,"column":2},"end":{"line":30,"column":9}},"17":{"start":{"line":34,"column":0},"end":{"line":47,"column":3}},"18":{"start":{"line":35,"column":2},"end":{"line":45,"column":5}},"19":{"start":{"line":36,"column":4},"end":{"line":44,"column":7}},"20":{"start":{"line":37,"column":22},"end":{"line":37,"column":50}},"21":{"start":{"line":38,"column":6},"end":{"line":43,"column":9}},"22":{"start":{"line":46,"column":2},"end":{"line":46,"column":9}},"23":{"start":{"line":50,"column":23},"end":{"line":50,"column":31}},"24":{"start":{"line":51,"column":30},"end":{"line":51,"column":32}},"25":{"start":{"line":52,"column":2},"end":{"line":61,"column":3}},"26":{"start":{"line":52,"column":15},"end":{"line":52,"column":16}},"27":{"start":{"line":53,"column":20},"end":{"line":53,"column":31}},"28":{"start":{"line":54,"column":21},"end":{"line":54,"column":92}},"29":{"start":{"line":55,"column":23},"end":{"line":55,"column":43}},"30":{"start":{"line":56,"column":4},"end":{"line":60,"column":7}},"31":{"start":{"line":63,"column":26},"end":{"line":63,"column":73}},"32":{"start":{"line":64,"column":2},"end":{"line":64,"column":25}},"33":{"start":{"line":69,"column":26},"end":{"line":69,"column":37}},"34":{"start":{"line":70,"column":2},"end":{"line":72,"column":3}},"35":{"start":{"line":71,"column":4},"end":{"line":71,"column":61}},"36":{"start":{"line":73,"column":2},"end":{"line":75,"column":3}},"37":{"start":{"line":74,"column":4},"end":{"line":74,"column":61}},"38":{"start":{"line":76,"column":2},"end":{"line":78,"column":3}},"39":{"start":{"line":77,"column":4},"end":{"line":77,"column":60}},"40":{"start":{"line":79,"column":2},"end":{"line":81,"column":3}},"41":{"start":{"line":80,"column":4},"end":{"line":80,"column":70}},"42":{"start":{"line":82,"column":2},"end":{"line":84,"column":3}},"43":{"start":{"line":83,"column":4},"end":{"line":83,"column":68}},"44":{"start":{"line":85,"column":2},"end":{"line":87,"column":3}},"45":{"start":{"line":86,"column":4},"end":{"line":86,"column":69}},"46":{"start":{"line":88,"column":2},"end":{"line":90,"column":3}},"47":{"start":{"line":89,"column":4},"end":{"line":89,"column":76}},"48":{"start":{"line":91,"column":2},"end":{"line":91,"column":23}},"49":{"start":{"line":94,"column":0},"end":{"line":148,"column":3}},"50":{"start":{"line":95,"column":2},"end":{"line":147,"column":3}},"51":{"start":{"line":96,"column":24},"end":{"line":96,"column":47}},"52":{"start":{"line":99,"column":4},"end":{"line":116,"column":5}},"53":{"start":{"line":100,"column":23},"end":{"line":100,"column":70}},"54":{"start":{"line":101,"column":20},"end":{"line":101,"column":45}},"55":{"start":{"line":102,"column":19},"end":{"line":102,"column":46}},"56":{"start":{"line":103,"column":6},"end":{"line":103,"column":33}},"57":{"start":{"line":104,"column":6},"end":{"line":104,"column":29}},"58":{"start":{"line":105,"column":11},"end":{"line":116,"column":5}},"59":{"start":{"line":106,"column":24},"end":{"line":106,"column":32}},"60":{"start":{"line":107,"column":19},"end":{"line":107,"column":46}},"61":{"start":{"line":108,"column":6},"end":{"line":108,"column":33}},"62":{"start":{"line":109,"column":6},"end":{"line":109,"column":29}},"63":{"start":{"line":110,"column":11},"end":{"line":116,"column":5}},"64":{"start":{"line":111,"column":6},"end":{"line":111,"column":29}},"65":{"start":{"line":113,"column":6},"end":{"line":113,"column":43}},"66":{"start":{"line":114,"column":6},"end":{"line":114,"column":53}},"67":{"start":{"line":115,"column":6},"end":{"line":115,"column":13}},"68":{"start":{"line":118,"column":28},"end":{"line":118,"column":39}},"69":{"start":{"line":119,"column":26},"end":{"line":119,"column":56}},"70":{"start":{"line":120,"column":4},"end":{"line":144,"column":5}},"71":{"start":{"line":121,"column":6},"end":{"line":121,"column":49}},"72":{"start":{"line":122,"column":6},"end":{"line":122,"column":57}},"73":{"start":{"line":124,"column":25},"end":{"line":124,"column":48}},"74":{"start":{"line":125,"column":29},"end":{"line":125,"column":47}},"75":{"start":{"line":126,"column":23},"end":{"line":126,"column":24}},"76":{"start":{"line":128,"column":21},"end":{"line":128,"column":112}},"77":{"start":{"line":130,"column":23},"end":{"line":130,"column":46}},"78":{"start":{"line":131,"column":23},"end":{"line":131,"column":31}},"79":{"start":{"line":134,"column":28},"end":{"line":134,"column":56}},"80":{"start":{"line":135,"column":6},"end":{"line":135,"column":47}},"81":{"start":{"line":137,"column":6},"end":{"line":143,"column":7}},"82":{"start":{"line":138,"column":24},"end":{"line":138,"column":52}},"83":{"start":{"line":139,"column":23},"end":{"line":139,"column":63}},"84":{"start":{"line":140,"column":8},"end":{"line":140,"column":25}},"85":{"start":{"line":142,"column":8},"end":{"line":142,"column":32}},"86":{"start":{"line":146,"column":4},"end":{"line":146,"column":29}},"87":{"start":{"line":150,"column":0},"end":{"line":150,"column":21}}},"fnMap":{"0":{"name":"(anonymous_0)","decl":{"start":{"line":20,"column":8},"end":{"line":20,"column":9}},"loc":{"start":{"line":20,"column":28},"end":{"line":31,"column":1}},"line":20},"1":{"name":"(anonymous_1)","decl":{"start":{"line":21,"column":15},"end":{"line":21,"column":16}},"loc":{"start":{"line":21,"column":21},"end":{"line":29,"column":3}},"line":21},"2":{"name":"(anonymous_2)","decl":{"start":{"line":34,"column":8},"end":{"line":34,"column":9}},"loc":{"start":{"line":34,"column":28},"end":{"line":47,"column":1}},"line":34},"3":{"name":"(anonymous_3)","decl":{"start":{"line":35,"column":19},"end":{"line":35,"column":20}},"loc":{"start":{"line":35,"column":25},"end":{"line":45,"column":3}},"line":35},"4":{"name":"(anonymous_4)","decl":{"start":{"line":36,"column":17},"end":{"line":36,"column":18}},"loc":{"start":{"line":36,"column":23},"end":{"line":44,"column":5}},"line":36},"5":{"name":"returnSpecificJsonData","decl":{"start":{"line":49,"column":9},"end":{"line":49,"column":31}},"loc":{"start":{"line":49,"column":42},"end":{"line":65,"column":1}},"line":49},"6":{"name":"validateInputData","decl":{"start":{"line":67,"column":9},"end":{"line":67,"column":26}},"loc":{"start":{"line":67,"column":40},"end":{"line":92,"column":1}},"line":67},"7":{"name":"(anonymous_7)","decl":{"start":{"line":94,"column":29},"end":{"line":94,"column":30}},"loc":{"start":{"line":94,"column":49},"end":{"line":148,"column":1}},"line":94}},"branchMap":{"0":{"loc":{"start":{"line":42,"column":15},"end":{"line":42,"column":53}},"type":"cond-expr","locations":[{"start":{"line":42,"column":25},"end":{"line":42,"column":41}},{"start":{"line":42,"column":44},"end":{"line":42,"column":53}}],"line":42},"1":{"loc":{"start":{"line":70,"column":2},"end":{"line":72,"column":3}},"type":"if","locations":[{"start":{"line":70,"column":2},"end":{"line":72,"column":3}},{"start":{},"end":{}}],"line":70},"2":{"loc":{"start":{"line":70,"column":6},"end":{"line":70,"column":21}},"type":"binary-expr","locations":[{"start":{"line":70,"column":6},"end":{"line":70,"column":12}},{"start":{"line":70,"column":16},"end":{"line":70,"column":21}}],"line":70},"3":{"loc":{"start":{"line":73,"column":2},"end":{"line":75,"column":3}},"type":"if","locations":[{"start":{"line":73,"column":2},"end":{"line":75,"column":3}},{"start":{},"end":{}}],"line":73},"4":{"loc":{"start":{"line":76,"column":2},"end":{"line":78,"column":3}},"type":"if","locations":[{"start":{"line":76,"column":2},"end":{"line":78,"column":3}},{"start":{},"end":{}}],"line":76},"5":{"loc":{"start":{"line":79,"column":2},"end":{"line":81,"column":3}},"type":"if","locations":[{"start":{"line":79,"column":2},"end":{"line":81,"column":3}},{"start":{},"end":{}}],"line":79},"6":{"loc":{"start":{"line":82,"column":2},"end":{"line":84,"column":3}},"type":"if","locations":[{"start":{"line":82,"column":2},"end":{"line":84,"column":3}},{"start":{},"end":{}}],"line":82},"7":{"loc":{"start":{"line":85,"column":2},"end":{"line":87,"column":3}},"type":"if","locations":[{"start":{"line":85,"column":2},"end":{"line":87,"column":3}},{"start":{},"end":{}}],"line":85},"8":{"loc":{"start":{"line":88,"column":2},"end":{"line":90,"column":3}},"type":"if","locations":[{"start":{"line":88,"column":2},"end":{"line":90,"column":3}},{"start":{},"end":{}}],"line":88},"9":{"loc":{"start":{"line":99,"column":4},"end":{"line":116,"column":5}},"type":"if","locations":[{"start":{"line":99,"column":4},"end":{"line":116,"column":5}},{"start":{"line":105,"column":11},"end":{"line":116,"column":5}}],"line":99},"10":{"loc":{"start":{"line":105,"column":11},"end":{"line":116,"column":5}},"type":"if","locations":[{"start":{"line":105,"column":11},"end":{"line":116,"column":5}},{"start":{"line":110,"column":11},"end":{"line":116,"column":5}}],"line":105},"11":{"loc":{"start":{"line":110,"column":11},"end":{"line":116,"column":5}},"type":"if","locations":[{"start":{"line":110,"column":11},"end":{"line":116,"column":5}},{"start":{"line":112,"column":11},"end":{"line":116,"column":5}}],"line":110},"12":{"loc":{"start":{"line":120,"column":4},"end":{"line":144,"column":5}},"type":"if","locations":[{"start":{"line":120,"column":4},"end":{"line":144,"column":5}},{"start":{"line":123,"column":11},"end":{"line":144,"column":5}}],"line":120},"13":{"loc":{"start":{"line":124,"column":25},"end":{"line":124,"column":48}},"type":"binary-expr","locations":[{"start":{"line":124,"column":25},"end":{"line":124,"column":43}},{"start":{"line":124,"column":47},"end":{"line":124,"column":48}}],"line":124},"14":{"loc":{"start":{"line":137,"column":6},"end":{"line":143,"column":7}},"type":"if","locations":[{"start":{"line":137,"column":6},"end":{"line":143,"column":7}},{"start":{"line":141,"column":13},"end":{"line":143,"column":7}}],"line":137}},"s":{"0":1,"1":1,"2":1,"3":1,"4":1,"5":1,"6":1,"7":1,"8":1,"9":1,"10":1,"11":1,"12":1,"13":1,"14":1,"15":1,"16":1,"17":1,"18":1,"19":0,"20":0,"21":0,"22":1,"23":0,"24":0,"25":0,"26":0,"27":0,"28":0,"29":0,"30":0,"31":0,"32":0,"33":0,"34":0,"35":0,"36":0,"37":0,"38":0,"39":0,"40":0,"41":0,"42":0,"43":0,"44":0,"45":0,"46":0,"47":0,"48":0,"49":1,"50":1,"51":1,"52":1,"53":0,"54":0,"55":0,"56":0,"57":0,"58":1,"59":0,"60":0,"61":0,"62":0,"63":0,"64":0,"65":0,"66":0,"67":0,"68":0,"69":0,"70":0,"71":0,"72":0,"73":0,"74":0,"75":0,"76":0,"77":0,"78":0,"79":0,"80":0,"81":0,"82":0,"83":0,"84":0,"85":0,"86":1,"87":1},"f":{"0":1,"1":1,"2":1,"3":0,"4":0,"5":0,"6":0,"7":1},"b":{"0":[0,0],"1":[0,0],"2":[0,0],"3":[0,0],"4":[0,0],"5":[0,0],"6":[0,0],"7":[0,0],"8":[0,0],"9":[0,1],"10":[0,0],"11":[0,0],"12":[0,0],"13":[0,0],"14":[0,0]},"_coverageSchema":"1a1c01bbd47fc00a2c39e90264f33305004495a9","hash":"c46517b4dbe6cf0a7cea36ca04295cc0ab7a9cc8"}
,"C:\\Users\\Mareks\\Desktop\\Programming\\Node\\Latvenergo\\index.test.data.js": {"path":"C:\\Users\\Mareks\\Desktop\\Programming\\Node\\Latvenergo\\index.test.data.js","statementMap":{"0":{"start":{"line":1,"column":20},"end":{"line":4,"column":1}},"1":{"start":{"line":6,"column":0},"end":{"line":6,"column":29}}},"fnMap":{},"branchMap":{},"s":{"0":1,"1":1},"f":{},"b":{},"_coverageSchema":"1a1c01bbd47fc00a2c39e90264f33305004495a9","hash":"5ce13c4ed4db794c78e5b13b7ba8284643ece1b7"}
}
