{"C:\\Users\\Mareks\\Desktop\\Programming\\Node\\Latvenergo\\index.js": {"path":"C:\\Users\\Mareks\\Desktop\\Programming\\Node\\Latvenergo\\index.js","statementMap":{"0":{"start":{"line":2,"column":16},"end":{"line":2,"column":34}},"1":{"start":{"line":3,"column":14},"end":{"line":3,"column":30}},"2":{"start":{"line":4,"column":19},"end":{"line":4,"column":41}},"3":{"start":{"line":5,"column":0},"end":{"line":5,"column":39}},"4":{"start":{"line":6,"column":15},"end":{"line":6,"column":32}},"5":{"start":{"line":7,"column":16},"end":{"line":7,"column":33}},"6":{"start":{"line":9,"column":12},"end":{"line":9,"column":21}},"7":{"start":{"line":10,"column":13},"end":{"line":10,"column":17}},"8":{"start":{"line":12,"column":0},"end":{"line":12,"column":24}},"9":{"start":{"line":13,"column":0},"end":{"line":13,"column":27}},"10":{"start":{"line":14,"column":0},"end":{"line":14,"column":26}},"11":{"start":{"line":15,"column":0},"end":{"line":15,"column":51}},"12":{"start":{"line":17,"column":15},"end":{"line":17,"column":23}},"13":{"start":{"line":20,"column":0},"end":{"line":31,"column":3}},"14":{"start":{"line":21,"column":2},"end":{"line":29,"column":5}},"15":{"start":{"line":22,"column":4},"end":{"line":28,"column":7}},"16":{"start":{"line":30,"column":2},"end":{"line":30,"column":9}},"17":{"start":{"line":34,"column":0},"end":{"line":47,"column":3}},"18":{"start":{"line":35,"column":2},"end":{"line":45,"column":5}},"19":{"start":{"line":36,"column":4},"end":{"line":44,"column":7}},"20":{"start":{"line":37,"column":22},"end":{"line":37,"column":50}},"21":{"start":{"line":38,"column":6},"end":{"line":43,"column":9}},"22":{"start":{"line":46,"column":2},"end":{"line":46,"column":9}},"23":{"start":{"line":50,"column":23},"end":{"line":50,"column":31}},"24":{"start":{"line":51,"column":30},"end":{"line":51,"column":32}},"25":{"start":{"line":52,"column":2},"end":{"line":61,"column":3}},"26":{"start":{"line":52,"column":15},"end":{"line":52,"column":16}},"27":{"start":{"line":53,"column":20},"end":{"line":53,"column":31}},"28":{"start":{"line":54,"column":21},"end":{"line":54,"column":92}},"29":{"start":{"line":55,"column":23},"end":{"line":55,"column":43}},"30":{"start":{"line":56,"column":4},"end":{"line":60,"column":7}},"31":{"start":{"line":63,"column":26},"end":{"line":63,"column":73}},"32":{"start":{"line":64,"column":2},"end":{"line":64,"column":25}},"33":{"start":{"line":69,"column":26},"end":{"line":69,"column":37}},"34":{"start":{"line":70,"column":2},"end":{"line":72,"column":3}},"35":{"start":{"line":71,"column":4},"end":{"line":71,"column":61}},"36":{"start":{"line":73,"column":2},"end":{"line":75,"column":3}},"37":{"start":{"line":74,"column":4},"end":{"line":74,"column":61}},"38":{"start":{"line":76,"column":2},"end":{"line":78,"column":3}},"39":{"start":{"line":77,"column":4},"end":{"line":77,"column":60}},"40":{"start":{"line":79,"column":2},"end":{"line":81,"column":3}},"41":{"start":{"line":80,"column":4},"end":{"line":80,"column":70}},"42":{"start":{"line":82,"column":2},"end":{"line":84,"column":3}},"43":{"start":{"line":83,"column":4},"end":{"line":83,"column":68}},"44":{"start":{"line":85,"column":2},"end":{"line":87,"column":3}},"45":{"start":{"line":86,"column":4},"end":{"line":86,"column":69}},"46":{"start":{"line":88,"column":2},"end":{"line":90,"column":3}},"47":{"start":{"line":89,"column":4},"end":{"line":89,"column":76}},"48":{"start":{"line":91,"column":2},"end":{"line":91,"column":23}},"49":{"start":{"line":94,"column":0},"end":{"line":148,"column":3}},"50":{"start":{"line":95,"column":2},"end":{"line":147,"column":3}},"51":{"start":{"line":96,"column":24},"end":{"line":96,"column":47}},"52":{"start":{"line":99,"column":4},"end":{"line":116,"column":5}},"53":{"start":{"line":100,"column":23},"end":{"line":100,"column":70}},"54":{"start":{"line":101,"column":20},"end":{"line":101,"column":45}},"55":{"start":{"line":102,"column":19},"end":{"line":102,"column":46}},"56":{"start":{"line":103,"column":6},"end":{"line":103,"column":33}},"57":{"start":{"line":104,"column":6},"end":{"line":104,"column":29}},"58":{"start":{"line":105,"column":11},"end":{"line":116,"column":5}},"59":{"start":{"line":106,"column":24},"end":{"line":106,"column":32}},"60":{"start":{"line":107,"column":19},"end":{"line":107,"column":46}},"61":{"start":{"line":108,"column":6},"end":{"line":108,"column":33}},"62":{"start":{"line":109,"column":6},"end":{"line":109,"column":29}},"63":{"start":{"line":110,"column":11},"end":{"line":116,"column":5}},"64":{"start":{"line":111,"column":6},"end":{"line":111,"column":29}},"65":{"start":{"line":113,"column":6},"end":{"line":113,"column":43}},"66":{"start":{"line":114,"column":6},"end":{"line":114,"column":53}},"67":{"start":{"line":115,"column":6},"end":{"line":115,"column":13}},"68":{"start":{"line":118,"column":28},"end":{"line":118,"column":39}},"69":{"start":{"line":119,"column":26},"end":{"line":119,"column":56}},"70":{"start":{"line":120,"column":4},"end":{"line":144,"column":5}},"71":{"start":{"line":121,"column":6},"end":{"line":121,"column":49}},"72":{"start":{"line":122,"column":6},"end":{"line":122,"column":57}},"73":{"start":{"line":124,"column":25},"end":{"line":124,"column":48}},"74":{"start":{"line":125,"column":29},"end":{"line":125,"column":47}},"75":{"start":{"line":126,"column":23},"end":{"line":126,"column":24}},"76":{"start":{"line":128,"column":21},"end":{"line":128,"column":112}},"77":{"start":{"line":130,"column":23},"end":{"line":130,"column":46}},"78":{"start":{"line":131,"column":23},"end":{"line":131,"column":31}},"79":{"start":{"line":134,"column":28},"end":{"line":134,"column":56}},"80":{"start":{"line":135,"column":6},"end":{"line":135,"column":47}},"81":{"start":{"line":137,"column":6},"end":{"line":143,"column":7}},"82":{"start":{"line":138,"column":24},"end":{"line":138,"column":52}},"83":{"start":{"line":139,"column":23},"end":{"line":139,"column":63}},"84":{"start":{"line":140,"column":8},"end":{"line":140,"column":25}},"85":{"start":{"line":142,"column":8},"end":{"line":142,"column":32}},"86":{"start":{"line":146,"column":4},"end":{"line":146,"column":29}},"87":{"start":{"line":150,"column":0},"end":{"line":150,"column":21}}},"fnMap":{"0":{"name":"(anonymous_0)","decl":{"start":{"line":20,"column":8},"end":{"line":20,"column":9}},"loc":{"start":{"line":20,"column":28},"end":{"line":31,"column":1}},"line":20},"1":{"name":"(anonymous_1)","decl":{"start":{"line":21,"column":15},"end":{"line":21,"column":16}},"loc":{"start":{"line":21,"column":21},"end":{"line":29,"column":3}},"line":21},"2":{"name":"(anonymous_2)","decl":{"start":{"line":34,"column":8},"end":{"line":34,"column":9}},"loc":{"start":{"line":34,"column":28},"end":{"line":47,"column":1}},"line":34},"3":{"name":"(anonymous_3)","decl":{"start":{"line":35,"column":19},"end":{"line":35,"column":20}},"loc":{"start":{"line":35,"column":25},"end":{"line":45,"column":3}},"line":35},"4":{"name":"(anonymous_4)","decl":{"start":{"line":36,"column":17},"end":{"line":36,"column":18}},"loc":{"start":{"line":36,"column":23},"end":{"line":44,"column":5}},"line":36},"5":{"name":"returnSpecificJsonData","decl":{"start":{"line":49,"column":9},"end":{"line":49,"column":31}},"loc":{"start":{"line":49,"column":42},"end":{"line":65,"column":1}},"line":49},"6":{"name":"validateInputData","decl":{"start":{"line":67,"column":9},"end":{"line":67,"column":26}},"loc":{"start":{"line":67,"column":40},"end":{"line":92,"column":1}},"line":67},"7":{"name":"(anonymous_7)","decl":{"start":{"line":94,"column":29},"end":{"line":94,"column":30}},"loc":{"start":{"line":94,"column":49},"end":{"line":148,"column":1}},"line":94}},"branchMap":{"0":{"loc":{"start":{"line":42,"column":15},"end":{"line":42,"column":53}},"type":"cond-expr","locations":[{"start":{"line":42,"column":25},"end":{"line":42,"column":41}},{"start":{"line":42,"column":44},"end":{"line":42,"column":53}}],"line":42},"1":{"loc":{"start":{"line":70,"column":2},"end":{"line":72,"column":3}},"type":"if","locations":[{"start":{"line":70,"column":2},"end":{"line":72,"column":3}},{"start":{},"end":{}}],"line":70},"2":{"loc":{"start":{"line":70,"column":6},"end":{"line":70,"column":21}},"type":"binary-expr","locations":[{"start":{"line":70,"column":6},"end":{"line":70,"column":12}},{"start":{"line":70,"column":16},"end":{"line":70,"column":21}}],"line":70},"3":{"loc":{"start":{"line":73,"column":2},"end":{"line":75,"column":3}},"type":"if","locations":[{"start":{"line":73,"column":2},"end":{"line":75,"column":3}},{"start":{},"end":{}}],"line":73},"4":{"loc":{"start":{"line":76,"column":2},"end":{"line":78,"column":3}},"type":"if","locations":[{"start":{"line":76,"column":2},"end":{"line":78,"column":3}},{"start":{},"end":{}}],"line":76},"5":{"loc":{"start":{"line":79,"column":2},"end":{"line":81,"column":3}},"type":"if","locations":[{"start":{"line":79,"column":2},"end":{"line":81,"column":3}},{"start":{},"end":{}}],"line":79},"6":{"loc":{"start":{"line":82,"column":2},"end":{"line":84,"column":3}},"type":"if","locations":[{"start":{"line":82,"column":2},"end":{"line":84,"column":3}},{"start":{},"end":{}}],"line":82},"7":{"loc":{"start":{"line":85,"column":2},"end":{"line":87,"column":3}},"type":"if","locations":[{"start":{"line":85,"column":2},"end":{"line":87,"column":3}},{"start":{},"end":{}}],"line":85},"8":{"loc":{"start":{"line":88,"column":2},"end":{"line":90,"column":3}},"type":"if","locations":[{"start":{"line":88,"column":2},"end":{"line":90,"column":3}},{"start":{},"end":{}}],"line":88},"9":{"loc":{"start":{"line":99,"column":4},"end":{"line":116,"column":5}},"type":"if","locations":[{"start":{"line":99,"column":4},"end":{"line":116,"column":5}},{"start":{"line":105,"column":11},"end":{"line":116,"column":5}}],"line":99},"10":{"loc":{"start":{"line":105,"column":11},"end":{"line":116,"column":5}},"type":"if","locations":[{"start":{"line":105,"column":11},"end":{"line":116,"column":5}},{"start":{"line":110,"column":11},"end":{"line":116,"column":5}}],"line":105},"11":{"loc":{"start":{"line":110,"column":11},"end":{"line":116,"column":5}},"type":"if","locations":[{"start":{"line":110,"column":11},"end":{"line":116,"column":5}},{"start":{"line":112,"column":11},"end":{"line":116,"column":5}}],"line":110},"12":{"loc":{"start":{"line":120,"column":4},"end":{"line":144,"column":5}},"type":"if","locations":[{"start":{"line":120,"column":4},"end":{"line":144,"column":5}},{"start":{"line":123,"column":11},"end":{"line":144,"column":5}}],"line":120},"13":{"loc":{"start":{"line":124,"column":25},"end":{"line":124,"column":48}},"type":"binary-expr","locations":[{"start":{"line":124,"column":25},"end":{"line":124,"column":43}},{"start":{"line":124,"column":47},"end":{"line":124,"column":48}}],"line":124},"14":{"loc":{"start":{"line":137,"column":6},"end":{"line":143,"column":7}},"type":"if","locations":[{"start":{"line":137,"column":6},"end":{"line":143,"column":7}},{"start":{"line":141,"column":13},"end":{"line":143,"column":7}}],"line":137}},"s":{"0":1,"1":1,"2":1,"3":1,"4":1,"5":1,"6":1,"7":1,"8":1,"9":1,"10":1,"11":1,"12":1,"13":1,"14":4,"15":4,"16":4,"17":1,"18":4,"19":4,"20":4,"21":4,"22":4,"23":3,"24":3,"25":3,"26":3,"27":5,"28":5,"29":5,"30":5,"31":3,"32":3,"33":4,"34":4,"35":0,"36":4,"37":0,"38":4,"39":0,"40":4,"41":1,"42":3,"43":0,"44":3,"45":0,"46":3,"47":0,"48":3,"49":1,"50":4,"51":4,"52":4,"53":1,"54":1,"55":1,"56":1,"57":1,"58":3,"59":0,"60":0,"61":0,"62":0,"63":3,"64":3,"65":0,"66":0,"67":0,"68":4,"69":4,"70":4,"71":1,"72":1,"73":3,"74":3,"75":3,"76":3,"77":3,"78":3,"79":3,"80":3,"81":3,"82":1,"83":1,"84":1,"85":2,"86":0,"87":1},"f":{"0":4,"1":4,"2":4,"3":4,"4":4,"5":3,"6":4,"7":4},"b":{"0":[1,3],"1":[0,4],"2":[4,0],"3":[0,4],"4":[0,4],"5":[1,3],"6":[0,3],"7":[0,3],"8":[0,3],"9":[1,3],"10":[0,3],"11":[3,0],"12":[1,3],"13":[3,0],"14":[1,2]},"_coverageSchema":"1a1c01bbd47fc00a2c39e90264f33305004495a9","hash":"c46517b4dbe6cf0a7cea36ca04295cc0ab7a9cc8"}
}
