TN:
SF:index.js
FN:20,(anonymous_0)
FN:21,(anonymous_1)
FN:34,(anonymous_2)
FN:35,(anonymous_3)
FN:36,(anonymous_4)
FN:49,returnSpecificJsonData
FN:67,validateInputData
FN:94,(anonymous_7)
FNF:8
FNH:8
FNDA:4,(anonymous_0)
FNDA:4,(anonymous_1)
FNDA:4,(anonymous_2)
FNDA:4,(anonymous_3)
FNDA:4,(anonymous_4)
FNDA:3,returnSpecificJsonData
FNDA:4,validateInputData
FNDA:4,(anonymous_7)
DA:2,1
DA:3,1
DA:4,1
DA:5,1
DA:6,1
DA:7,1
DA:9,1
DA:10,1
DA:12,1
DA:13,1
DA:14,1
DA:15,1
DA:17,1
DA:20,1
DA:21,4
DA:22,4
DA:30,4
DA:34,1
DA:35,4
DA:36,4
DA:37,4
DA:38,4
DA:46,4
DA:50,3
DA:51,3
DA:52,3
DA:53,5
DA:54,5
DA:55,5
DA:56,5
DA:63,3
DA:64,3
DA:69,4
DA:70,4
DA:71,0
DA:73,4
DA:74,0
DA:76,4
DA:77,0
DA:79,4
DA:80,1
DA:82,3
DA:83,0
DA:85,3
DA:86,0
DA:88,3
DA:89,0
DA:91,3
DA:94,1
DA:95,4
DA:96,4
DA:99,4
DA:100,1
DA:101,1
DA:102,1
DA:103,1
DA:104,1
DA:105,3
DA:106,0
DA:107,0
DA:108,0
DA:109,0
DA:110,3
DA:111,3
DA:113,0
DA:114,0
DA:115,0
DA:118,4
DA:119,4
DA:120,4
DA:121,1
DA:122,1
DA:124,3
DA:125,3
DA:126,3
DA:128,3
DA:130,3
DA:131,3
DA:134,3
DA:135,3
DA:137,3
DA:138,1
DA:139,1
DA:140,1
DA:142,2
DA:146,0
DA:150,1
LF:87
LH:73
BRDA:42,0,0,1
BRDA:42,0,1,3
BRDA:70,1,0,0
BRDA:70,1,1,4
BRDA:70,2,0,4
BRDA:70,2,1,0
BRDA:73,3,0,0
BRDA:73,3,1,4
BRDA:76,4,0,0
BRDA:76,4,1,4
BRDA:79,5,0,1
BRDA:79,5,1,3
BRDA:82,6,0,0
BRDA:82,6,1,3
BRDA:85,7,0,0
BRDA:85,7,1,3
BRDA:88,8,0,0
BRDA:88,8,1,3
BRDA:99,9,0,1
BRDA:99,9,1,3
BRDA:105,10,0,0
BRDA:105,10,1,3
BRDA:110,11,0,3
BRDA:110,11,1,0
BRDA:120,12,0,1
BRDA:120,12,1,3
BRDA:124,13,0,3
BRDA:124,13,1,0
BRDA:137,14,0,1
BRDA:137,14,1,2
BRF:30
BRH:20
end_of_record
